0 info it worked if it ends with ok
1 verbose cli [ 'D:\\Program Files\\nodejs\\node.exe',
1 verbose cli   'D:\\Program Files\\nodejs\\node_modules\\npm\\bin\\npm-cli.js',
1 verbose cli   'install',
1 verbose cli   'passport',
1 verbose cli   '--save' ]
2 info using npm@3.10.10
3 info using node@v6.9.5
4 silly loadCurrentTree Starting
5 silly install loadCurrentTree
6 silly install readLocalPackageData
7 silly fetchPackageMetaData passport@*
8 silly fetchNamedPackageData passport
9 silly mapToRegistry name passport
10 silly mapToRegistry using default registry
11 silly mapToRegistry registry https://registry.npmjs.org/
12 silly mapToRegistry data Result {
12 silly mapToRegistry   raw: 'passport',
12 silly mapToRegistry   scope: null,
12 silly mapToRegistry   escapedName: 'passport',
12 silly mapToRegistry   name: 'passport',
12 silly mapToRegistry   rawSpec: '',
12 silly mapToRegistry   spec: 'latest',
12 silly mapToRegistry   type: 'tag' }
13 silly mapToRegistry uri https://registry.npmjs.org/passport
14 verbose request uri https://registry.npmjs.org/passport
15 verbose request no auth needed
16 info attempt registry request try #1 at 8:16:36 PM
17 verbose request id a51babdebc41b363
18 verbose etag W/"598df373-b785"
19 verbose lastModified Fri, 11 Aug 2017 18:12:03 GMT
20 http request GET https://registry.npmjs.org/passport
21 info retry will retry, error on last attempt: Error: connect ETIMEDOUT 151.101.8.162:443
22 info attempt registry request try #2 at 8:17:08 PM
23 verbose etag W/"598df373-b785"
24 verbose lastModified Fri, 11 Aug 2017 18:12:03 GMT
25 http request GET https://registry.npmjs.org/passport
26 http 304 https://registry.npmjs.org/passport
27 verbose headers { date: 'Thu, 17 Aug 2017 14:47:06 GMT',
27 verbose headers   via: '1.1 varnish',
27 verbose headers   'cache-control': 'max-age=300',
27 verbose headers   etag: 'W/"598df373-b785"',
27 verbose headers   age: '164',
27 verbose headers   connection: 'keep-alive',
27 verbose headers   'x-served-by': 'cache-sin18027-SIN',
27 verbose headers   'x-cache': 'HIT',
27 verbose headers   'x-cache-hits': '1',
27 verbose headers   'x-timer': 'S1502981227.900204,VS0,VE0',
27 verbose headers   vary: 'Accept-Encoding, Accept' }
28 silly get cb [ 304,
28 silly get   { date: 'Thu, 17 Aug 2017 14:47:06 GMT',
28 silly get     via: '1.1 varnish',
28 silly get     'cache-control': 'max-age=300',
28 silly get     etag: 'W/"598df373-b785"',
28 silly get     age: '164',
28 silly get     connection: 'keep-alive',
28 silly get     'x-served-by': 'cache-sin18027-SIN',
28 silly get     'x-cache': 'HIT',
28 silly get     'x-cache-hits': '1',
28 silly get     'x-timer': 'S1502981227.900204,VS0,VE0',
28 silly get     vary: 'Accept-Encoding, Accept' } ]
29 verbose etag https://registry.npmjs.org/passport from cache
30 verbose get saving passport to C:\Users\AKBANGAD\AppData\Roaming\npm-cache\registry.npmjs.org\passport\.cache.json
31 verbose correctMkdir C:\Users\AKBANGAD\AppData\Roaming\npm-cache correctMkdir not in flight; initializing
32 silly install normalizeTree
33 silly loadCurrentTree Finishing
34 silly loadIdealTree Starting
35 silly install loadIdealTree
36 silly cloneCurrentTree Starting
37 silly install cloneCurrentTreeToIdealTree
38 silly cloneCurrentTree Finishing
39 silly loadShrinkwrap Starting
40 silly install loadShrinkwrap
41 silly loadShrinkwrap Finishing
42 silly loadAllDepsIntoIdealTree Starting
43 silly install loadAllDepsIntoIdealTree
44 silly rollbackFailedOptional Starting
45 silly rollbackFailedOptional Finishing
46 silly runTopLevelLifecycles Finishing
47 silly install printInstalled
48 verbose stack Error: Refusing to install passport as a dependency of itself
48 verbose stack     at checkSelf (D:\Program Files\nodejs\node_modules\npm\lib\install\validate-args.js:53:14)
48 verbose stack     at Array.<anonymous> (D:\Program Files\nodejs\node_modules\npm\node_modules\slide\lib\bind-actor.js:15:8)
48 verbose stack     at LOOP (D:\Program Files\nodejs\node_modules\npm\node_modules\slide\lib\chain.js:15:14)
48 verbose stack     at chain (D:\Program Files\nodejs\node_modules\npm\node_modules\slide\lib\chain.js:20:5)
48 verbose stack     at D:\Program Files\nodejs\node_modules\npm\lib\install\validate-args.js:16:5
48 verbose stack     at D:\Program Files\nodejs\node_modules\npm\node_modules\slide\lib\async-map.js:52:35
48 verbose stack     at Array.forEach (native)
48 verbose stack     at D:\Program Files\nodejs\node_modules\npm\node_modules\slide\lib\async-map.js:52:11
48 verbose stack     at Array.forEach (native)
48 verbose stack     at asyncMap (D:\Program Files\nodejs\node_modules\npm\node_modules\slide\lib\async-map.js:51:8)
49 verbose cwd C:\passport
50 error Windows_NT 10.0.14393
51 error argv "D:\\Program Files\\nodejs\\node.exe" "D:\\Program Files\\nodejs\\node_modules\\npm\\bin\\npm-cli.js" "install" "passport" "--save"
52 error node v6.9.5
53 error npm  v3.10.10
54 error code ENOSELF
55 error Refusing to install passport as a dependency of itself
56 error If you need help, you may report this error at:
56 error     <https://github.com/npm/npm/issues>
57 verbose exit [ 1, true ]
